  Source.cpp
c:\users\i849842\personal\unisinos\computação gráfica\trabalhogb\ca-trabalhogb\trabalhogb\hellotriangle\source.cpp(296): warning C4244: '=': conversion from 'double' to 'float', possible loss of data
c:\users\i849842\personal\unisinos\computação gráfica\trabalhogb\ca-trabalhogb\trabalhogb\hellotriangle\source.cpp(297): warning C4244: '=': conversion from 'double' to 'float', possible loss of data
c:\users\i849842\personal\unisinos\computação gráfica\trabalhogb\ca-trabalhogb\trabalhogb\hellotriangle\source.cpp(301): warning C4244: 'initializing': conversion from 'double' to 'float', possible loss of data
c:\users\i849842\personal\unisinos\computação gráfica\trabalhogb\ca-trabalhogb\trabalhogb\hellotriangle\source.cpp(302): warning C4244: 'initializing': conversion from 'double' to 'float', possible loss of data
c:\users\i849842\personal\unisinos\computação gráfica\trabalhogb\ca-trabalhogb\trabalhogb\hellotriangle\source.cpp(303): warning C4244: '=': conversion from 'double' to 'float', possible loss of data
c:\users\i849842\personal\unisinos\computação gráfica\trabalhogb\ca-trabalhogb\trabalhogb\hellotriangle\source.cpp(304): warning C4244: '=': conversion from 'double' to 'float', possible loss of data
c:\users\i849842\personal\unisinos\computação gráfica\trabalhogb\ca-trabalhogb\trabalhogb\hellotriangle\source.cpp(401): warning C4715: 'loadOBJ': not all control paths return a value
glfw3.lib(context.obj) : warning LNK4099: PDB 'glfw.pdb' was not found with 'glfw3.lib(context.obj)' or at 'C:\Users\i849842\Personal\Unisinos\ComputaþÒo Grßfica\trabalhoGB\ca-trabalhoGB\trabalhoGB\Debug\glfw.pdb'; linking object as if no debug info
glfw3.lib(init.obj) : warning LNK4099: PDB 'glfw.pdb' was not found with 'glfw3.lib(init.obj)' or at 'C:\Users\i849842\Personal\Unisinos\ComputaþÒo Grßfica\trabalhoGB\ca-trabalhoGB\trabalhoGB\Debug\glfw.pdb'; linking object as if no debug info
glfw3.lib(input.obj) : warning LNK4099: PDB 'glfw.pdb' was not found with 'glfw3.lib(input.obj)' or at 'C:\Users\i849842\Personal\Unisinos\ComputaþÒo Grßfica\trabalhoGB\ca-trabalhoGB\trabalhoGB\Debug\glfw.pdb'; linking object as if no debug info
glfw3.lib(monitor.obj) : warning LNK4099: PDB 'glfw.pdb' was not found with 'glfw3.lib(monitor.obj)' or at 'C:\Users\i849842\Personal\Unisinos\ComputaþÒo Grßfica\trabalhoGB\ca-trabalhoGB\trabalhoGB\Debug\glfw.pdb'; linking object as if no debug info
glfw3.lib(window.obj) : warning LNK4099: PDB 'glfw.pdb' was not found with 'glfw3.lib(window.obj)' or at 'C:\Users\i849842\Personal\Unisinos\ComputaþÒo Grßfica\trabalhoGB\ca-trabalhoGB\trabalhoGB\Debug\glfw.pdb'; linking object as if no debug info
glfw3.lib(win32_init.obj) : warning LNK4099: PDB 'glfw.pdb' was not found with 'glfw3.lib(win32_init.obj)' or at 'C:\Users\i849842\Personal\Unisinos\ComputaþÒo Grßfica\trabalhoGB\ca-trabalhoGB\trabalhoGB\Debug\glfw.pdb'; linking object as if no debug info
glfw3.lib(win32_monitor.obj) : warning LNK4099: PDB 'glfw.pdb' was not found with 'glfw3.lib(win32_monitor.obj)' or at 'C:\Users\i849842\Personal\Unisinos\ComputaþÒo Grßfica\trabalhoGB\ca-trabalhoGB\trabalhoGB\Debug\glfw.pdb'; linking object as if no debug info
glfw3.lib(win32_time.obj) : warning LNK4099: PDB 'glfw.pdb' was not found with 'glfw3.lib(win32_time.obj)' or at 'C:\Users\i849842\Personal\Unisinos\ComputaþÒo Grßfica\trabalhoGB\ca-trabalhoGB\trabalhoGB\Debug\glfw.pdb'; linking object as if no debug info
glfw3.lib(win32_tls.obj) : warning LNK4099: PDB 'glfw.pdb' was not found with 'glfw3.lib(win32_tls.obj)' or at 'C:\Users\i849842\Personal\Unisinos\ComputaþÒo Grßfica\trabalhoGB\ca-trabalhoGB\trabalhoGB\Debug\glfw.pdb'; linking object as if no debug info
glfw3.lib(win32_window.obj) : warning LNK4099: PDB 'glfw.pdb' was not found with 'glfw3.lib(win32_window.obj)' or at 'C:\Users\i849842\Personal\Unisinos\ComputaþÒo Grßfica\trabalhoGB\ca-trabalhoGB\trabalhoGB\Debug\glfw.pdb'; linking object as if no debug info
glfw3.lib(winmm_joystick.obj) : warning LNK4099: PDB 'glfw.pdb' was not found with 'glfw3.lib(winmm_joystick.obj)' or at 'C:\Users\i849842\Personal\Unisinos\ComputaþÒo Grßfica\trabalhoGB\ca-trabalhoGB\trabalhoGB\Debug\glfw.pdb'; linking object as if no debug info
glfw3.lib(wgl_context.obj) : warning LNK4099: PDB 'glfw.pdb' was not found with 'glfw3.lib(wgl_context.obj)' or at 'C:\Users\i849842\Personal\Unisinos\ComputaþÒo Grßfica\trabalhoGB\ca-trabalhoGB\trabalhoGB\Debug\glfw.pdb'; linking object as if no debug info
  HelloTriangle.vcxproj -> C:\Users\i849842\Personal\Unisinos\Computação Gráfica\trabalhoGB\ca-trabalhoGB\trabalhoGB\Debug\Transforms.exe
